# JRE version: Java(TM) SE Runtime Environment (8.0_121-b13) (build 1.8.0_121-b13)
# Java VM: Java HotSpot(TM) 64-Bit Server VM (25.121-b13 mixed mode bsd-amd64 compressed oops)
Heap:
 PSYoungGen      total 85504K, used 2774K [0x00000007aab00000, 0x00000007b0000000, 0x00000007c0000000)
  eden space 83968K, 1% used [0x00000007aab00000,0x00000007aac9ab78,0x00000007afd00000)
  from space 1536K, 73% used [0x00000007afe80000,0x00000007aff9aea8,0x00000007b0000000)
  to   space 1536K, 0% used [0x00000007afd00000,0x00000007afd00000,0x00000007afe80000)
 ParOldGen       total 247808K, used 131768K [0x0000000780000000, 0x000000078f200000, 0x00000007aab00000)
  object space 247808K, 53% used [0x0000000780000000,0x00000007880ae010,0x000000078f200000)
 Metaspace       used 123445K, capacity 124199K, committed 125132K, reserved 1150976K
  class space    used 22456K, capacity 22622K, committed 22732K, reserved 1048576K
GC Heap History (10 events):
Event: 377712.133 GC heap before
{Heap before GC invocations=748 (full 4):
 PSYoungGen      total 85504K, used 85115K [0x00000007aab00000, 0x00000007b0000000, 0x00000007c0000000)
  eden space 83968K, 100% used [0x00000007aab00000,0x00000007afd00000,0x00000007afd00000)
  from space 1536K, 74% used [0x00000007afd00000,0x00000007afe1eed8,0x00000007afe80000)
  to   space 1536K, 0% used [0x00000007afe80000,0x00000007afe80000,0x00000007b0000000)
 ParOldGen       total 247808K, used 131760K [0x0000000780000000, 0x000000078f200000, 0x00000007aab00000)
  object space 247808K, 53% used [0x0000000780000000,0x00000007880ac010,0x000000078f200000)
 Metaspace       used 123427K, capacity 124199K, committed 125132K, reserved 1150976K
  class space    used 22454K, capacity 22622K, committed 22732K, reserved 1048576K
Event: 377712.146 GC heap after
Heap after GC invocations=748 (full 4):
 PSYoungGen      total 85504K, used 1131K [0x00000007aab00000, 0x00000007b0000000, 0x00000007c0000000)
  eden space 83968K, 0% used [0x00000007aab00000,0x00000007aab00000,0x00000007afd00000)
  from space 1536K, 73% used [0x00000007afe80000,0x00000007aff9aea8,0x00000007b0000000)
  to   space 1536K, 0% used [0x00000007afd00000,0x00000007afd00000,0x00000007afe80000)
 ParOldGen       total 247808K, used 131760K [0x0000000780000000, 0x000000078f200000, 0x00000007aab00000)
  object space 247808K, 53% used [0x0000000780000000,0x00000007880ac010,0x000000078f200000)
 Metaspace       used 123427K, capacity 124199K, committed 125132K, reserved 1150976K
  class space    used 22454K, capacity 22622K, committed 22732K, reserved 1048576K
}
Event: 378270.543 GC heap before
{Heap before GC invocations=749 (full 4):
 PSYoungGen      total 85504K, used 85099K [0x00000007aab00000, 0x00000007b0000000, 0x00000007c0000000)
  eden space 83968K, 100% used [0x00000007aab00000,0x00000007afd00000,0x00000007afd00000)
  from space 1536K, 73% used [0x00000007afe80000,0x00000007aff9aea8,0x00000007b0000000)
  to   space 1536K, 0% used [0x00000007afd00000,0x00000007afd00000,0x00000007afe80000)
 ParOldGen       total 247808K, used 131760K [0x0000000780000000, 0x000000078f200000, 0x00000007aab00000)
  object space 247808K, 53% used [0x0000000780000000,0x00000007880ac010,0x000000078f200000)
 Metaspace       used 123438K, capacity 124199K, committed 125132K, reserved 1150976K
  class space    used 22456K, capacity 22622K, committed 22732K, reserved 1048576K
Event: 378270.639 GC heap after
Heap after GC invocations=749 (full 4):
 PSYoungGen      total 85504K, used 1163K [0x00000007aab00000, 0x00000007b0000000, 0x00000007c0000000)
  eden space 83968K, 0% used [0x00000007aab00000,0x00000007aab00000,0x00000007afd00000)
  from space 1536K, 75% used [0x00000007afd00000,0x00000007afe22c68,0x00000007afe80000)
  to   space 1536K, 0% used [0x00000007afe80000,0x00000007afe80000,0x00000007b0000000)
 ParOldGen       total 247808K, used 131768K [0x0000000780000000, 0x000000078f200000, 0x00000007aab00000)
  object space 247808K, 53% used [0x0000000780000000,0x00000007880ae010,0x000000078f200000)
 Metaspace       used 123438K, capacity 124199K, committed 125132K, reserved 1150976K
  class space    used 22456K, capacity 22622K, committed 22732K, reserved 1048576K
}
Event: 378904.566 GC heap before
{Heap before GC invocations=750 (full 4):
 PSYoungGen      total 85504K, used 85131K [0x00000007aab00000, 0x00000007b0000000, 0x00000007c0000000)
  eden space 83968K, 100% used [0x00000007aab00000,0x00000007afd00000,0x00000007afd00000)
  from space 1536K, 75% used [0x00000007afd00000,0x00000007afe22c68,0x00000007afe80000)
  to   space 1536K, 0% used [0x00000007afe80000,0x00000007afe80000,0x00000007b0000000)
 ParOldGen       total 247808K, used 131768K [0x0000000780000000, 0x000000078f200000, 0x00000007aab00000)
  object space 247808K, 53% used [0x0000000780000000,0x00000007880ae010,0x000000078f200000)
 Metaspace       used 123438K, capacity 124199K, committed 125132K, reserved 1150976K
  class space    used 22456K, capacity 22622K, committed 22732K, reserved 1048576K
Event: 378904.639 GC heap after
Heap after GC invocations=750 (full 4):
 PSYoungGen      total 85504K, used 1057K [0x00000007aab00000, 0x00000007b0000000, 0x00000007c0000000)
  eden space 83968K, 0% used [0x00000007aab00000,0x00000007aab00000,0x00000007afd00000)
  from space 1536K, 68% used [0x00000007afe80000,0x00000007aff88460,0x00000007b0000000)
  to   space 1536K, 0% used [0x00000007afd00000,0x00000007afd00000,0x00000007afe80000)
 ParOldGen       total 247808K, used 131768K [0x0000000780000000, 0x000000078f200000, 0x00000007aab00000)
  object space 247808K, 53% used [0x0000000780000000,0x00000007880ae010,0x000000078f200000)
 Metaspace       used 123438K, capacity 124199K, committed 125132K, reserved 1150976K
  class space    used 22456K, capacity 22622K, committed 22732K, reserved 1048576K
}
Event: 379543.806 GC heap before
{Heap before GC invocations=751 (full 4):
 PSYoungGen      total 85504K, used 85025K [0x00000007aab00000, 0x00000007b0000000, 0x00000007c0000000)
  eden space 83968K, 100% used [0x00000007aab00000,0x00000007afd00000,0x00000007afd00000)
  from space 1536K, 68% used [0x00000007afe80000,0x00000007aff88460,0x00000007b0000000)
  to   space 1536K, 0% used [0x00000007afd00000,0x00000007afd00000,0x00000007afe80000)
 ParOldGen       total 247808K, used 131768K [0x0000000780000000, 0x000000078f200000, 0x00000007aab00000)
  object space 247808K, 53% used [0x0000000780000000,0x00000007880ae010,0x000000078f200000)
 Metaspace       used 123445K, capacity 124199K, committed 125132K, reserved 1150976K
  class space    used 22456K, capacity 22622K, committed 22732K, reserved 1048576K
Event: 379543.906 GC heap after
Heap after GC invocations=751 (full 4):
 PSYoungGen      total 85504K, used 1244K [0x00000007aab00000, 0x00000007b0000000, 0x00000007c0000000)
  eden space 83968K, 0% used [0x00000007aab00000,0x00000007aab00000,0x00000007afd00000)
  from space 1536K, 81% used [0x00000007afd00000,0x00000007afe370d8,0x00000007afe80000)
  to   space 1536K, 0% used [0x00000007afe80000,0x00000007afe80000,0x00000007b0000000)
 ParOldGen       total 247808K, used 131768K [0x0000000780000000, 0x000000078f200000, 0x00000007aab00000)
  object space 247808K, 53% used [0x0000000780000000,0x00000007880ae010,0x000000078f200000)
 Metaspace       used 123445K, capacity 124199K, committed 125132K, reserved 1150976K
  class space    used 22456K, capacity 22622K, committed 22732K, reserved 1048576K
}
Event: 380124.638 GC heap before
{Heap before GC invocations=752 (full 4):
 PSYoungGen      total 85504K, used 85212K [0x00000007aab00000, 0x00000007b0000000, 0x00000007c0000000)
  eden space 83968K, 100% used [0x00000007aab00000,0x00000007afd00000,0x00000007afd00000)
  from space 1536K, 81% used [0x00000007afd00000,0x00000007afe370d8,0x00000007afe80000)
  to   space 1536K, 0% used [0x00000007afe80000,0x00000007afe80000,0x00000007b0000000)
 ParOldGen       total 247808K, used 131768K [0x0000000780000000, 0x000000078f200000, 0x00000007aab00000)
  object space 247808K, 53% used [0x0000000780000000,0x00000007880ae010,0x000000078f200000)
 Metaspace       used 123445K, capacity 124199K, committed 125132K, reserved 1150976K
  class space    used 22456K, capacity 22622K, committed 22732K, reserved 1048576K
Event: 380124.702 GC heap after
Heap after GC invocations=752 (full 4):
 PSYoungGen      total 85504K, used 1131K [0x00000007aab00000, 0x00000007b0000000, 0x00000007c0000000)
  eden space 83968K, 0% used [0x00000007aab00000,0x00000007aab00000,0x00000007afd00000)
  from space 1536K, 73% used [0x00000007afe80000,0x00000007aff9aea8,0x00000007b0000000)
  to   space 1536K, 0% used [0x00000007afd00000,0x00000007afd00000,0x00000007afe80000)
 ParOldGen       total 247808K, used 131768K [0x0000000780000000, 0x000000078f200000, 0x00000007aab00000)
  object space 247808K, 53% used [0x0000000780000000,0x00000007880ae010,0x000000078f200000)
 Metaspace       used 123445K, capacity 124199K, committed 125132K, reserved 1150976K
  class space    used 22456K, capacity 22622K, committed 22732K, reserved 1048576K
}

